Microsoft HTML Help Compiler 4.74.8702

Compiling c:\Users\pompa\OneDrive\Desktop\IP\quiz_help\Help.chm


Compile time: 0 minutes, 36 seconds
1	Topic
4	Local links
0	Internet links
1	Graphic


Created c:\Users\pompa\OneDrive\Desktop\IP\quiz_help\Help.chm, 146,377 bytes
Compression increased file by 8,111 bytes.
Microsoft HTML Help Compiler 4.74.8702

Compiling c:\Users\pompa\OneDrive\Desktop\IP\quiz_help\Help.chm

HHC5010: Error: Cannot open "c:\Users\pompa\OneDrive\Desktop\IP\quiz_help\Help.chm". Compilation stopped.

User cancelled compile.
HHC5010: Error: Cannot open "c:\Users\pompa\OneDrive\Desktop\IP\quiz_help\Help.chm". Compilation stopped.
Microsoft HTML Help Compiler 4.74.8702

Compiling c:\Users\pompa\OneDrive\Desktop\IP\quiz_help\Help.chm


Compile time: 3 minutes, 6 seconds
1	Topic
4	Local links
0	Internet links
1	Graphic


Created c:\Users\pompa\OneDrive\Desktop\IP\quiz_help\Help.chm, 146,377 bytes
Compression increased file by 8,111 bytes.
Microsoft HTML Help Compiler 4.74.8702

Compiling c:\Users\pompa\OneDrive\Desktop\IP\quiz_help\Help.chm


Compile time: 0 minutes, 40 seconds
1	Topic
4	Local links
0	Internet links
1	Graphic


Created c:\Users\pompa\OneDrive\Desktop\IP\quiz_help\Help.chm, 146,377 bytes
Compression increased file by 8,111 bytes.
Microsoft HTML Help Compiler 4.74.8702

Compiling c:\Users\pompa\OneDrive\Desktop\IP\quiz_help\Help.chm


Compile time: 0 minutes, 3 seconds
1	Topic
4	Local links
0	Internet links
1	Graphic


Created c:\Users\pompa\OneDrive\Desktop\IP\quiz_help\Help.chm, 146,377 bytes
Compression increased file by 8,111 bytes.
Microsoft HTML Help Compiler 4.74.8702

Compiling c:\Users\pompa\OneDrive\Desktop\IP\quiz_help\Help.chm


Compile time: 0 minutes, 0 seconds
2	Topics
8	Local links
0	Internet links
2	Graphics


Created c:\Users\pompa\OneDrive\Desktop\IP\quiz_help\Help.chm, 268,289 bytes
Compression increased file by 6,235 bytes.
Microsoft HTML Help Compiler 4.74.8702

Compiling c:\Users\pompa\OneDrive\Desktop\IP\quiz_help\Help.chm


Compile time: 0 minutes, 14 seconds
2	Topics
8	Local links
0	Internet links
2	Graphics


Created c:\Users\pompa\OneDrive\Desktop\IP\quiz_help\Help.chm, 268,289 bytes
Compression increased file by 6,280 bytes.
Microsoft HTML Help Compiler 4.74.8702

Compiling c:\Users\pompa\OneDrive\Desktop\IP\quiz_help\Help.chm


Compile time: 0 minutes, 0 seconds
2	Topics
8	Local links
0	Internet links
2	Graphics


Created c:\Users\pompa\OneDrive\Desktop\IP\quiz_help\Help.chm, 268,395 bytes
Compression increased file by 6,247 bytes.
Microsoft HTML Help Compiler 4.74.8702

Compiling c:\Users\pompa\OneDrive\Desktop\IP\quiz_help\Help.chm


Compile time: 0 minutes, 1 second
3	Topics
10	Local links
0	Internet links
3	Graphics


Created c:\Users\pompa\OneDrive\Desktop\IP\quiz_help\Help.chm, 460,351 bytes
Compression increased file by 6,366 bytes.
HHC5010: Error: Cannot open "c:\Users\pompa\OneDrive\Desktop\IP\quiz_help\Help.chm". Compilation stopped.
